=== Log Start ===
Date and Time: 2024-09-13 16:41:08
=== Log Start ===
Timestamp - Logger Name - Log Level - Message

10 - Missile missile_1 launched at target ship_1
10 - Missile missile_1 initial velocity: [1.8369701987210297e-14, 0.0, 300.0]
11 - Missile missile_1 is in powered flight.
11 - Missile missile_1 velocity: [1.8369701987210297e-14, 0.0, 305.19]
11 - Entity missile_1 moved to lat: 13.502683931130438, lon: 144.80000000000004, alt: 121.29640570096672
11 - Entity missile_1 orientation: pitch: 90, yaw: 0, roll: 0
12 - Missile missile_1 is in powered flight.
12 - Missile missile_1 velocity: [1.8369701987210297e-14, 0.0, 310.38]
12 - Missile missile_1 ran out of fuel. Switching to glide.
12 - Entity missile_1 moved to lat: 13.505412744071174, lon: 144.80000000000004, alt: 193.80098033044487
12 - Entity missile_1 orientation: pitch: 90, yaw: 0, roll: 0
13 - Missile missile_1 is in no_power (glide) flight.
13 - Missile missile_1 gliding with velocity: [1.0, 0.0, 300.57]
13 - Missile missile_1 orientation updated: pitch: 89.80937695674223, yaw: 0, roll: 0
13 - Entity missile_1 moved to lat: 13.505412744071174, lon: 144.80000000000004, alt: 193.80098033044487
13 - Entity missile_1 orientation: pitch: 89.80937695674223, yaw: 0, roll: 0
13 - Entity missile_1 moved to lat: 13.508056963744218, lon: 144.79999467569397, alt: 263.2328337393701
13 - Entity missile_1 orientation: pitch: 89.80937695674223, yaw: 0, roll: 0
14 - Missile missile_1 is in no_power (glide) flight.
14 - Missile missile_1 gliding with velocity: [1.0, 0.0, 290.76]
14 - Missile missile_1 orientation updated: pitch: 89.80294554406916, yaw: 0, roll: 0
14 - Entity missile_1 moved to lat: 13.508056963744218, lon: 144.79999467569397, alt: 263.2328337393701
14 - Entity missile_1 orientation: pitch: 89.80294554406916, yaw: 0, roll: 0
14 - Entity missile_1 moved to lat: 13.510614882239299, lon: 144.7999893513865, alt: 330.3854912277311
14 - Entity missile_1 orientation: pitch: 89.80294554406916, yaw: 0, roll: 0
15 - Missile missile_1 is in no_power (glide) flight.
15 - Missile missile_1 gliding with velocity: [1.0, 0.0, 280.95]
15 - Missile missile_1 orientation updated: pitch: 89.7960650024735, yaw: 0, roll: 0
15 - Entity missile_1 moved to lat: 13.510614882239299, lon: 144.7999893513865, alt: 330.3854912277311
15 - Entity missile_1 orientation: pitch: 89.7960650024735, yaw: 0, roll: 0
15 - Entity missile_1 moved to lat: 13.51308650506407, lon: 144.79998402707764, alt: 395.2576730120927
15 - Entity missile_1 orientation: pitch: 89.7960650024735, yaw: 0, roll: 0
16 - Missile missile_1 is in no_power (glide) flight.
16 - Missile missile_1 gliding with velocity: [1.0, 0.0, 271.14]
16 - Missile missile_1 orientation updated: pitch: 89.7886865835726, yaw: 0, roll: 0
16 - Entity missile_1 moved to lat: 13.51308650506407, lon: 144.79998402707764, alt: 395.2576730120927
16 - Entity missile_1 orientation: pitch: 89.7886865835726, yaw: 0, roll: 0
16 - Entity missile_1 moved to lat: 13.515471837540694, lon: 144.79997870276736, alt: 457.84814252424985
16 - Entity missile_1 orientation: pitch: 89.7886865835726, yaw: 0, roll: 0
17 - Missile missile_1 is in no_power (glide) flight.
17 - Missile missile_1 gliding with velocity: [1.0, 0.0, 261.33]
17 - Missile missile_1 orientation updated: pitch: 89.78075421933809, yaw: 0, roll: 0
17 - Entity missile_1 moved to lat: 13.515471837540694, lon: 144.79997870276736, alt: 457.84814252424985
17 - Entity missile_1 orientation: pitch: 89.78075421933809, yaw: 0, roll: 0
17 - Entity missile_1 moved to lat: 13.517770884805696, lon: 144.7999733784557, alt: 518.1557064075023
17 - Entity missile_1 orientation: pitch: 89.78075421933809, yaw: 0, roll: 0
18 - Missile missile_1 is in no_power (glide) flight.
18 - Missile missile_1 gliding with velocity: [1.0, 0.0, 251.51999999999998]
18 - Missile missile_1 orientation updated: pitch: 89.77220309470157, yaw: 0, roll: 0
18 - Entity missile_1 moved to lat: 13.517770884805696, lon: 144.7999733784557, alt: 518.1557064075023
18 - Entity missile_1 orientation: pitch: 89.77220309470157, yaw: 0, roll: 0
18 - Entity missile_1 moved to lat: 13.519983651809838, lon: 144.79996805414262, alt: 576.1792144970968
18 - Entity missile_1 orientation: pitch: 89.77220309470157, yaw: 0, roll: 0
19 - Missile missile_1 is in no_power (glide) flight.
19 - Missile missile_1 gliding with velocity: [1.0, 0.0, 241.70999999999998]
19 - Missile missile_1 orientation updated: pitch: 89.76295787258066, yaw: 0, roll: 0
19 - Entity missile_1 moved to lat: 13.519983651809838, lon: 144.79996805414262, alt: 576.1792144970968
19 - Entity missile_1 orientation: pitch: 89.76295787258066, yaw: 0, roll: 0
19 - Entity missile_1 moved to lat: 13.522110143317985, lon: 144.79996272982814, alt: 631.9175598304719
19 - Entity missile_1 orientation: pitch: 89.76295787258066, yaw: 0, roll: 0
20 - Missile missile_1 is in no_power (glide) flight.
20 - Missile missile_1 gliding with velocity: [1.0, 0.0, 231.89999999999998]
20 - Missile missile_1 orientation updated: pitch: 89.75293046840532, yaw: 0, roll: 0
20 - Entity missile_1 moved to lat: 13.522110143317985, lon: 144.79996272982814, alt: 631.9175598304719
20 - Entity missile_1 orientation: pitch: 89.75293046840532, yaw: 0, roll: 0
20 - Entity missile_1 moved to lat: 13.524150363908978, lon: 144.79995740551226, alt: 685.3696786286309
20 - Entity missile_1 orientation: pitch: 89.75293046840532, yaw: 0, roll: 0
21 - Missile missile_1 is in no_power (glide) flight.
21 - Missile missile_1 gliding with velocity: [1.0, 0.0, 222.08999999999997]
21 - Missile missile_1 orientation updated: pitch: 89.74201723485686, yaw: 0, roll: 0
21 - Entity missile_1 moved to lat: 13.524150363908978, lon: 144.79995740551226, alt: 685.3696786286309
21 - Entity missile_1 orientation: pitch: 89.74201723485686, yaw: 0, roll: 0
21 - Entity missile_1 moved to lat: 13.526104317975527, lon: 144.799952081195, alt: 736.5345502989367
21 - Entity missile_1 orientation: pitch: 89.74201723485686, yaw: 0, roll: 0
22 - Missile missile_1 is in no_power (glide) flight.
22 - Missile missile_1 gliding with velocity: [1.0, 0.0, 212.27999999999997]
22 - Missile missile_1 orientation updated: pitch: 89.73009536604016, yaw: 0, roll: 0
22 - Entity missile_1 moved to lat: 13.526104317975527, lon: 144.799952081195, alt: 736.5345502989367
22 - Entity missile_1 orientation: pitch: 89.73009536604016, yaw: 0, roll: 0
22 - Entity missile_1 moved to lat: 13.527972009724067, lon: 144.7999467568763, alt: 785.4111974239349
22 - Entity missile_1 orientation: pitch: 89.73009536604016, yaw: 0, roll: 0
23 - Missile missile_1 is in no_power (glide) flight.
23 - Missile missile_1 gliding with velocity: [1.0, 0.0, 202.46999999999997]
23 - Missile missile_1 orientation updated: pitch: 89.71701825636626, yaw: 0, roll: 0
23 - Entity missile_1 moved to lat: 13.527972009724067, lon: 144.7999467568763, alt: 785.4111974239349
23 - Entity missile_1 orientation: pitch: 89.71701825636626, yaw: 0, roll: 0
23 - Entity missile_1 moved to lat: 13.529753443174684, lon: 144.7999414325562, alt: 831.9986857604235
23 - Entity missile_1 orientation: pitch: 89.71701825636626, yaw: 0, roll: 0
24 - Missile missile_1 is in no_power (glide) flight.
24 - Missile missile_1 gliding with velocity: [1.0, 0.0, 192.65999999999997]
24 - Missile missile_1 orientation updated: pitch: 89.70260944159432, yaw: 0, roll: 0
24 - Entity missile_1 moved to lat: 13.529753443174684, lon: 144.7999414325562, alt: 831.9986857604235
24 - Entity missile_1 orientation: pitch: 89.70260944159432, yaw: 0, roll: 0
24 - Entity missile_1 moved to lat: 13.53144862216098, lon: 144.7999361082347, alt: 876.2961242338642
24 - Entity missile_1 orientation: pitch: 89.70260944159432, yaw: 0, roll: 0
25 - Missile missile_1 is in no_power (glide) flight.
25 - Missile missile_1 gliding with velocity: [1.0, 0.0, 182.84999999999997]
25 - Missile missile_1 orientation updated: pitch: 89.6866545895939, yaw: 0, roll: 0
25 - Entity missile_1 moved to lat: 13.53144862216098, lon: 144.7999361082347, alt: 876.2961242338642
25 - Entity missile_1 orientation: pitch: 89.6866545895939, yaw: 0, roll: 0
25 - Entity missile_1 moved to lat: 13.533057550329994, lon: 144.79993078391183, alt: 918.3026649272069
25 - Entity missile_1 orientation: pitch: 89.6866545895939, yaw: 0, roll: 0
26 - Missile missile_1 is in no_power (glide) flight.
26 - Missile missile_1 gliding with velocity: [1.0, 0.0, 173.03999999999996]
26 - Missile missile_1 orientation updated: pitch: 89.66889076692766, yaw: 0, roll: 0
26 - Entity missile_1 moved to lat: 13.533057550329994, lon: 144.79993078391183, alt: 918.3026649272069
26 - Entity missile_1 orientation: pitch: 89.66889076692766, yaw: 0, roll: 0
26 - Entity missile_1 moved to lat: 13.534580231142096, lon: 144.79992545958754, alt: 958.0175030855462
26 - Entity missile_1 orientation: pitch: 89.66889076692766, yaw: 0, roll: 0
27 - Missile missile_1 is in no_power (glide) flight.
27 - Missile missile_1 gliding with velocity: [1.0, 0.0, 163.22999999999996]
27 - Missile missile_1 orientation updated: pitch: 89.64899183530247, yaw: 0, roll: 0
27 - Entity missile_1 moved to lat: 13.534580231142096, lon: 144.79992545958754, alt: 958.0175030855462
27 - Entity missile_1 orientation: pitch: 89.64899183530247, yaw: 0, roll: 0
27 - Entity missile_1 moved to lat: 13.536016667870882, lon: 144.79992013526183, alt: 995.4398771114647
27 - Entity missile_1 orientation: pitch: 89.64899183530247, yaw: 0, roll: 0
28 - Missile missile_1 is in no_power (glide) flight.
28 - Missile missile_1 gliding with velocity: [1.0, 0.0, 153.41999999999996]
28 - Missile missile_1 orientation updated: pitch: 89.62654824580076, yaw: 0, roll: 0
28 - Entity missile_1 moved to lat: 13.536016667870882, lon: 144.79992013526183, alt: 995.4398771114647
28 - Entity missile_1 orientation: pitch: 89.62654824580076, yaw: 0, roll: 0
28 - Entity missile_1 moved to lat: 13.537366863603127, lon: 144.79991481093472, alt: 1030.5690685510635
28 - Entity missile_1 orientation: pitch: 89.62654824580076, yaw: 0, roll: 0
29 - Missile missile_1 is in no_power (glide) flight.
29 - Missile missile_1 gliding with velocity: [1.0, 0.0, 143.60999999999996]
29 - Missile missile_1 orientation updated: pitch: 89.60103855236272, yaw: 0, roll: 0
29 - Entity missile_1 moved to lat: 13.537366863603127, lon: 144.79991481093472, alt: 1030.5690685510635
29 - Entity missile_1 orientation: pitch: 89.60103855236272, yaw: 0, roll: 0
29 - Entity missile_1 moved to lat: 13.538630821238668, lon: 144.79990948660623, alt: 1063.4044020976871
29 - Entity missile_1 orientation: pitch: 89.60103855236272, yaw: 0, roll: 0
30 - Missile missile_1 is in no_power (glide) flight.
30 - Missile missile_1 gliding with velocity: [1.0, 0.0, 133.79999999999995]
30 - Missile missile_1 orientation updated: pitch: 89.57178839511403, yaw: 0, roll: 0
30 - Entity missile_1 moved to lat: 13.538630821238668, lon: 144.79990948660623, alt: 1063.4044020976871
30 - Entity missile_1 orientation: pitch: 89.57178839511403, yaw: 0, roll: 0
30 - Entity missile_1 moved to lat: 13.539808543490341, lon: 144.79990416227633, alt: 1093.945245592855
30 - Entity missile_1 orientation: pitch: 89.57178839511403, yaw: 0, roll: 0
31 - Missile missile_1 is in no_power (glide) flight.
31 - Missile missile_1 gliding with velocity: [1.0, 0.0, 123.98999999999995]
31 - Missile missile_1 orientation updated: pitch: 89.53791001486357, yaw: 0, roll: 0
31 - Entity missile_1 moved to lat: 13.539808543490341, lon: 144.79990416227633, alt: 1093.945245592855
31 - Entity missile_1 orientation: pitch: 89.53791001486357, yaw: 0, roll: 0
31 - Entity missile_1 moved to lat: 13.540900032883911, lon: 144.799898837945, alt: 1122.19101001136
31 - Entity missile_1 orientation: pitch: 89.53791001486357, yaw: 0, roll: 0
32 - Missile missile_1 is in no_power (glide) flight.
32 - Missile missile_1 gliding with velocity: [1.0, 0.0, 114.17999999999995]
32 - Missile missile_1 orientation updated: pitch: 89.49821059173617, yaw: 0, roll: 0
32 - Entity missile_1 moved to lat: 13.540900032883911, lon: 144.799898837945, alt: 1122.19101001136
32 - Entity missile_1 orientation: pitch: 89.49821059173617, yaw: 0, roll: 0
32 - Entity missile_1 moved to lat: 13.541905291758006, lon: 144.7998935136123, alt: 1148.141149465926
32 - Entity missile_1 orientation: pitch: 89.49821059173617, yaw: 0, roll: 0
33 - Missile missile_1 is in no_power (glide) flight.
33 - Missile missile_1 gliding with velocity: [1.0, 0.0, 104.36999999999995]
33 - Missile missile_1 orientation updated: pitch: 89.45104889973396, yaw: 0, roll: 0
33 - Entity missile_1 moved to lat: 13.541905291758006, lon: 144.7998935136123, alt: 1148.141149465926
33 - Entity missile_1 orientation: pitch: 89.45104889973396, yaw: 0, roll: 0
33 - Entity missile_1 moved to lat: 13.542824322264051, lon: 144.7998881892782, alt: 1171.79516120255
33 - Entity missile_1 orientation: pitch: 89.45104889973396, yaw: 0, roll: 0
34 - Missile missile_1 is in no_power (glide) flight.
34 - Missile missile_1 gliding with velocity: [1.0, 0.0, 94.55999999999995]
34 - Missile missile_1 orientation updated: pitch: 89.39410275244104, yaw: 0, roll: 0
34 - Entity missile_1 moved to lat: 13.542824322264051, lon: 144.7998881892782, alt: 1171.79516120255
34 - Entity missile_1 orientation: pitch: 89.39410275244104, yaw: 0, roll: 0
34 - Entity missile_1 moved to lat: 13.543657126366213, lon: 144.79988286494265, alt: 1193.152585601434
34 - Entity missile_1 orientation: pitch: 89.39410275244104, yaw: 0, roll: 0
35 - Missile missile_1 is in no_power (glide) flight.
35 - Missile missile_1 gliding with velocity: [1.0, 0.0, 84.74999999999994]
35 - Missile missile_1 orientation updated: pitch: 89.323974976838, yaw: 0, roll: 0
35 - Entity missile_1 moved to lat: 13.543657126366213, lon: 144.79988286494265, alt: 1193.152585601434
35 - Entity missile_1 orientation: pitch: 89.323974976838, yaw: 0, roll: 0
35 - Entity missile_1 moved to lat: 13.544403705841352, lon: 144.79987754060573, alt: 1212.21300616581
35 - Entity missile_1 orientation: pitch: 89.323974976838, yaw: 0, roll: 0
36 - Missile missile_1 is in no_power (glide) flight.
36 - Missile missile_1 gliding with velocity: [1.0, 0.0, 74.93999999999994]
36 - Missile missile_1 orientation updated: pitch: 89.2354900035776, yaw: 0, roll: 0
36 - Entity missile_1 moved to lat: 13.544403705841352, lon: 144.79987754060573, alt: 1212.21300616581
36 - Entity missile_1 orientation: pitch: 89.2354900035776, yaw: 0, roll: 0
36 - Entity missile_1 moved to lat: 13.54506406227897, lon: 144.7998722162674, alt: 1228.9760495265946
36 - Entity missile_1 orientation: pitch: 89.2354900035776, yaw: 0, roll: 0
37 - Missile missile_1 is in no_power (glide) flight.
37 - Missile missile_1 gliding with velocity: [1.0, 0.0, 65.12999999999994]
37 - Missile missile_1 orientation updated: pitch: 89.12035501611948, yaw: 0, roll: 0
37 - Entity missile_1 moved to lat: 13.54506406227897, lon: 144.7998722162674, alt: 1228.9760495265946
37 - Entity missile_1 orientation: pitch: 89.12035501611948, yaw: 0, roll: 0
37 - Entity missile_1 moved to lat: 13.545638197081178, lon: 144.79986689192768, alt: 1243.441385442391
37 - Entity missile_1 orientation: pitch: 89.12035501611948, yaw: 0, roll: 0
38 - Missile missile_1 is in no_power (glide) flight.
38 - Missile missile_1 gliding with velocity: [1.0, 0.0, 55.319999999999936]
38 - Missile missile_1 orientation updated: pitch: 88.96439732496803, yaw: 0, roll: 0
38 - Entity missile_1 moved to lat: 13.545638197081178, lon: 144.79986689192768, alt: 1243.441385442391
38 - Entity missile_1 orientation: pitch: 88.96439732496803, yaw: 0, roll: 0
38 - Entity missile_1 moved to lat: 13.546126111462641, lon: 144.79986156758656, alt: 1255.6087267864496
38 - Entity missile_1 orientation: pitch: 88.96439732496803, yaw: 0, roll: 0
39 - Missile missile_1 is in no_power (glide) flight.
39 - Missile missile_1 gliding with velocity: [1.0, 0.0, 45.509999999999934]
39 - Missile missile_1 orientation updated: pitch: 88.74123135623272, yaw: 0, roll: 0
39 - Entity missile_1 moved to lat: 13.546126111462641, lon: 144.79986156758656, alt: 1255.6087267864496
39 - Entity missile_1 orientation: pitch: 88.74123135623272, yaw: 0, roll: 0
39 - Entity missile_1 moved to lat: 13.54652780645056, lon: 144.79985624324402, alt: 1265.4778295615688
39 - Entity missile_1 orientation: pitch: 88.74123135623272, yaw: 0, roll: 0
40 - Missile missile_1 is in no_power (glide) flight.
40 - Missile missile_1 gliding with velocity: [1.0, 0.0, 35.69999999999993]
40 - Missile missile_1 orientation updated: pitch: 88.39549576243765, yaw: 0, roll: 0
40 - Entity missile_1 moved to lat: 13.54652780645056, lon: 144.79985624324402, alt: 1265.4778295615688
40 - Entity missile_1 orientation: pitch: 88.39549576243765, yaw: 0, roll: 0
40 - Entity missile_1 moved to lat: 13.546843282884645, lon: 144.7998509189001, alt: 1273.0484928842634
40 - Entity missile_1 orientation: pitch: 88.39549576243765, yaw: 0, roll: 0
41 - Missile missile_1 is in no_power (glide) flight.
41 - Missile missile_1 gliding with velocity: [1.0, 0.0, 25.88999999999993]
41 - Missile missile_1 orientation updated: pitch: 87.78805283700224, yaw: 0, roll: 0
41 - Entity missile_1 moved to lat: 13.546843282884645, lon: 144.7998509189001, alt: 1273.0484928842634
41 - Entity missile_1 orientation: pitch: 87.78805283700224, yaw: 0, roll: 0
41 - Entity missile_1 moved to lat: 13.547072541417084, lon: 144.79984559455474, alt: 1278.3205589922145
41 - Entity missile_1 orientation: pitch: 87.78805283700224, yaw: 0, roll: 0
42 - Missile missile_1 is in no_power (glide) flight.
42 - Missile missile_1 gliding with velocity: [1.0, 0.0, 16.079999999999927]
42 - Missile missile_1 orientation updated: pitch: 86.44141249744519, yaw: 0, roll: 0
42 - Entity missile_1 moved to lat: 13.547072541417084, lon: 144.79984559455474, alt: 1278.3205589922145
42 - Entity missile_1 orientation: pitch: 86.44141249744519, yaw: 0, roll: 0
42 - Entity missile_1 moved to lat: 13.547215582512525, lon: 144.79984027020802, alt: 1281.2939132386819
42 - Entity missile_1 orientation: pitch: 86.44141249744519, yaw: 0, roll: 0
43 - Missile missile_1 is in no_power (glide) flight.
43 - Missile missile_1 gliding with velocity: [1.0, 0.0, 6.269999999999927]
43 - Missile missile_1 orientation updated: pitch: 80.93823730613018, yaw: 0, roll: 0
43 - Entity missile_1 moved to lat: 13.547215582512525, lon: 144.79984027020802, alt: 1281.2939132386819
43 - Entity missile_1 orientation: pitch: 80.93823730613018, yaw: 0, roll: 0
43 - Entity missile_1 moved to lat: 13.547272406448077, lon: 144.79983494585986, alt: 1281.9684840943664
43 - Entity missile_1 orientation: pitch: 80.93823730613018, yaw: 0, roll: 0
44 - Missile missile_1 is in no_power (glide) flight.
44 - Missile missile_1 gliding with velocity: [1.0, 0.0, -3.5400000000000738]
44 - Missile missile_1 orientation updated: pitch: 70.93823730613018, yaw: 0, roll: 0
44 - Entity missile_1 moved to lat: 13.547272406448077, lon: 144.79983494585986, alt: 1281.9684840943664
44 - Entity missile_1 orientation: pitch: 70.93823730613018, yaw: 0, roll: 0
44 - Entity missile_1 moved to lat: 13.547243013313276, lon: 144.79982962151033, alt: 1280.3442431529984
44 - Entity missile_1 orientation: pitch: 70.93823730613018, yaw: 0, roll: 0
45 - Missile missile_1 is in no_power (glide) flight.
45 - Missile missile_1 gliding with velocity: [1.0, 0.0, -13.350000000000074]
45 - Missile missile_1 orientation updated: pitch: 60.938237306130176, yaw: 0, roll: 0
45 - Entity missile_1 moved to lat: 13.547243013313276, lon: 144.79982962151033, alt: 1280.3442431529984
45 - Entity missile_1 orientation: pitch: 60.938237306130176, yaw: 0, roll: 0
45 - Entity missile_1 moved to lat: 13.547127403010116, lon: 144.79982429715938, alt: 1276.421205113642
45 - Entity missile_1 orientation: pitch: 60.938237306130176, yaw: 0, roll: 0
46 - Missile missile_1 is in no_power (glide) flight.
46 - Missile missile_1 gliding with velocity: [1.0, 0.0, -23.160000000000075]
46 - Missile missile_1 orientation updated: pitch: 50.938237306130176, yaw: 0, roll: 0
46 - Entity missile_1 moved to lat: 13.547127403010116, lon: 144.79982429715938, alt: 1276.421205113642
46 - Entity missile_1 orientation: pitch: 50.938237306130176, yaw: 0, roll: 0
46 - Entity missile_1 moved to lat: 13.546925575253013, lon: 144.79981897280703, alt: 1270.1994278021157
46 - Entity missile_1 orientation: pitch: 50.938237306130176, yaw: 0, roll: 0
47 - Missile missile_1 is in no_power (glide) flight.
47 - Missile missile_1 gliding with velocity: [1.0, 0.0, -32.97000000000008]
47 - Missile missile_1 orientation updated: pitch: 40.938237306130176, yaw: 0, roll: 0
47 - Entity missile_1 moved to lat: 13.546925575253013, lon: 144.79981897280703, alt: 1270.1994278021157
47 - Entity missile_1 orientation: pitch: 40.938237306130176, yaw: 0, roll: 0
47 - Entity missile_1 moved to lat: 13.546637529568843, lon: 144.79981364845327, alt: 1261.6790121551603
47 - Entity missile_1 orientation: pitch: 40.938237306130176, yaw: 0, roll: 0
48 - Missile missile_1 is in no_power (glide) flight.
48 - Missile missile_1 gliding with velocity: [1.0, 0.0, -42.78000000000008]
48 - Missile missile_1 orientation updated: pitch: 30.938237306130176, yaw: 0, roll: 0
48 - Entity missile_1 moved to lat: 13.546637529568843, lon: 144.79981364845327, alt: 1261.6790121551603
48 - Entity missile_1 orientation: pitch: 30.938237306130176, yaw: 0, roll: 0
48 - Entity missile_1 moved to lat: 13.546263265296933, lon: 144.7998083240981, alt: 1250.8601022316143
48 - Entity missile_1 orientation: pitch: 30.938237306130176, yaw: 0, roll: 0
49 - Missile missile_1 is in no_power (glide) flight.
49 - Missile missile_1 gliding with velocity: [1.0, 0.0, -52.59000000000008]
49 - Missile missile_1 orientation updated: pitch: 20.938237306130176, yaw: 0, roll: 0
49 - Entity missile_1 moved to lat: 13.546263265296933, lon: 144.7998083240981, alt: 1250.8601022316143
49 - Entity missile_1 orientation: pitch: 20.938237306130176, yaw: 0, roll: 0
49 - Entity missile_1 moved to lat: 13.545802781589082, lon: 144.79980299974156, alt: 1237.7428852021694
49 - Entity missile_1 orientation: pitch: 20.938237306130176, yaw: 0, roll: 0
50 - Missile missile_1 is in no_power (glide) flight.
50 - Missile missile_1 gliding with velocity: [1.0, 0.0, -62.400000000000084]
50 - Missile missile_1 orientation updated: pitch: 10.938237306130176, yaw: 0, roll: 0
50 - Entity missile_1 moved to lat: 13.545802781589082, lon: 144.79980299974156, alt: 1237.7428852021694
50 - Entity missile_1 orientation: pitch: 10.938237306130176, yaw: 0, roll: 0
50 - Entity missile_1 moved to lat: 13.54525607740959, lon: 144.7997976753836, alt: 1222.327591367066
50 - Entity missile_1 orientation: pitch: 10.938237306130176, yaw: 0, roll: 0
51 - Missile missile_1 is in no_power (glide) flight.
51 - Missile missile_1 gliding with velocity: [1.0, 0.0, -72.21000000000008]
51 - Missile missile_1 orientation updated: pitch: 0.9382373061301763, yaw: 0, roll: 0
51 - Entity missile_1 moved to lat: 13.54525607740959, lon: 144.7997976753836, alt: 1222.327591367066
51 - Entity missile_1 orientation: pitch: 0.9382373061301763, yaw: 0, roll: 0
51 - Entity missile_1 moved to lat: 13.544623151535273, lon: 144.79979235102422, alt: 1204.614494137466
51 - Entity missile_1 orientation: pitch: 0.9382373061301763, yaw: 0, roll: 0
52 - Missile missile_1 is in no_power (glide) flight.
52 - Missile missile_1 gliding with velocity: [1.0, 0.0, -82.02000000000008]
52 - Missile missile_1 orientation updated: pitch: -9.061762693869824, yaw: 0, roll: 0
52 - Entity missile_1 moved to lat: 13.544623151535273, lon: 144.79979235102422, alt: 1204.614494137466
52 - Entity missile_1 orientation: pitch: -9.061762693869824, yaw: 0, roll: 0
52 - Entity missile_1 moved to lat: 13.543904002555495, lon: 144.79978702666347, alt: 1184.6039100522175
52 - Entity missile_1 orientation: pitch: -9.061762693869824, yaw: 0, roll: 0
53 - Missile missile_1 is in no_power (glide) flight.
53 - Missile missile_1 gliding with velocity: [1.0, 0.0, -91.83000000000008]
53 - Missile missile_1 orientation updated: pitch: -19.061762693869824, yaw: 0, roll: 0
53 - Entity missile_1 moved to lat: 13.543904002555495, lon: 144.79978702666347, alt: 1184.6039100522175
53 - Entity missile_1 orientation: pitch: -19.061762693869824, yaw: 0, roll: 0
53 - Entity missile_1 moved to lat: 13.543098628872206, lon: 144.7997817023013, alt: 1162.2961987759918
53 - Entity missile_1 orientation: pitch: -19.061762693869824, yaw: 0, roll: 0
54 - Missile missile_1 is in no_power (glide) flight.
54 - Missile missile_1 gliding with velocity: [1.0, 0.0, -101.64000000000009]
54 - Missile missile_1 orientation updated: pitch: -29.061762693869824, yaw: 0, roll: 0
54 - Entity missile_1 moved to lat: 13.543098628872206, lon: 144.7997817023013, alt: 1162.2961987759918
54 - Entity missile_1 orientation: pitch: -29.061762693869824, yaw: 0, roll: 0
54 - Entity missile_1 moved to lat: 13.542207028699995, lon: 144.79977637793772, alt: 1137.691763090901
54 - Entity missile_1 orientation: pitch: -29.061762693869824, yaw: 0, roll: 0
55 - Missile missile_1 is in no_power (glide) flight.
55 - Missile missile_1 gliding with velocity: [1.0, 0.0, -111.45000000000009]
55 - Missile missile_1 orientation updated: pitch: -39.061762693869824, yaw: 0, roll: 0
55 - Entity missile_1 moved to lat: 13.542207028699995, lon: 144.79977637793772, alt: 1137.691763090901
55 - Entity missile_1 orientation: pitch: -39.061762693869824, yaw: 0, roll: 0
55 - Entity missile_1 moved to lat: 13.541229200066097, lon: 144.79977105357273, alt: 1110.7910489151254
55 - Entity missile_1 orientation: pitch: -39.061762693869824, yaw: 0, roll: 0
56 - Missile missile_1 is in no_power (glide) flight.
56 - Missile missile_1 gliding with velocity: [1.0, 0.0, -121.26000000000009]
56 - Missile missile_1 orientation updated: pitch: -49.061762693869824, yaw: 0, roll: 0
56 - Entity missile_1 moved to lat: 13.541229200066097, lon: 144.79977105357273, alt: 1110.7910489151254
56 - Entity missile_1 orientation: pitch: -49.061762693869824, yaw: 0, roll: 0
56 - Entity missile_1 moved to lat: 13.54016514081049, lon: 144.79976572920634, alt: 1081.594545295462
56 - Entity missile_1 orientation: pitch: -49.061762693869824, yaw: 0, roll: 0
57 - Missile missile_1 is in no_power (glide) flight.
57 - Missile missile_1 gliding with velocity: [1.0, 0.0, -131.07000000000008]
57 - Missile missile_1 orientation updated: pitch: -59.061762693869824, yaw: 0, roll: 0
57 - Entity missile_1 moved to lat: 13.54016514081049, lon: 144.79976572920634, alt: 1081.594545295462
57 - Entity missile_1 orientation: pitch: -59.061762693869824, yaw: 0, roll: 0
57 - Entity missile_1 moved to lat: 13.539014848585913, lon: 144.79976040483857, alt: 1050.1027844091877
57 - Entity missile_1 orientation: pitch: -59.061762693869824, yaw: 0, roll: 0
58 - Missile missile_1 is in no_power (glide) flight.
58 - Missile missile_1 gliding with velocity: [1.0, 0.0, -140.88000000000008]
58 - Missile missile_1 orientation updated: pitch: -69.06176269386982, yaw: 0, roll: 0
58 - Entity missile_1 moved to lat: 13.539014848585913, lon: 144.79976040483857, alt: 1050.1027844091877
58 - Entity missile_1 orientation: pitch: -69.06176269386982, yaw: 0, roll: 0
58 - Entity missile_1 moved to lat: 13.537778320857946, lon: 144.79975508046937, alt: 1016.3163415733725
58 - Entity missile_1 orientation: pitch: -69.06176269386982, yaw: 0, roll: 0
59 - Missile missile_1 is in no_power (glide) flight.
59 - Missile missile_1 gliding with velocity: [1.0, 0.0, -150.69000000000008]
59 - Missile missile_1 orientation updated: pitch: -79.06176269386982, yaw: 0, roll: 0
59 - Entity missile_1 moved to lat: 13.537778320857946, lon: 144.79975508046937, alt: 1016.3163415733725
59 - Entity missile_1 orientation: pitch: -79.06176269386982, yaw: 0, roll: 0
59 - Entity missile_1 moved to lat: 13.536455554905066, lon: 144.7997497560988, alt: 980.2358352392912
59 - Entity missile_1 orientation: pitch: -79.06176269386982, yaw: 0, roll: 0
60 - Missile missile_1 is in no_power (glide) flight.
60 - Missile missile_1 gliding with velocity: [1.0, 0.0, -160.50000000000009]
60 - Missile missile_1 orientation updated: pitch: -89.06176269386982, yaw: 0, roll: 0
60 - Entity missile_1 moved to lat: 13.536455554905066, lon: 144.7997497560988, alt: 980.2358352392912
60 - Entity missile_1 orientation: pitch: -89.06176269386982, yaw: 0, roll: 0
60 - Entity missile_1 moved to lat: 13.535046547818723, lon: 144.79974443172682, alt: 941.8619270063937
60 - Entity missile_1 orientation: pitch: -89.06176269386982, yaw: 0, roll: 0
61 - Missile missile_1 is in no_power (glide) flight.
61 - Missile missile_1 gliding with velocity: [1.0, 0.0, -170.3100000000001]
61 - Missile missile_1 orientation updated: pitch: -89.6635833416751, yaw: 0, roll: 0
61 - Entity missile_1 moved to lat: 13.535046547818723, lon: 144.79974443172682, alt: 941.8619270063937
61 - Entity missile_1 orientation: pitch: -89.6635833416751, yaw: 0, roll: 0
61 - Entity missile_1 moved to lat: 13.533551296503399, lon: 144.79973910735342, alt: 901.1953216157854
61 - Entity missile_1 orientation: pitch: -89.6635833416751, yaw: 0, roll: 0
62 - Missile missile_1 is in no_power (glide) flight.
62 - Missile missile_1 gliding with velocity: [1.0, 0.0, -180.1200000000001]
62 - Missile missile_1 orientation updated: pitch: -89.68190544722196, yaw: 0, roll: 0
62 - Entity missile_1 moved to lat: 13.533551296503399, lon: 144.79973910735342, alt: 901.1953216157854
62 - Entity missile_1 orientation: pitch: -89.68190544722196, yaw: 0, roll: 0
62 - Entity missile_1 moved to lat: 13.531969797676705, lon: 144.79973378297862, alt: 858.2367669604719
62 - Entity missile_1 orientation: pitch: -89.68190544722196, yaw: 0, roll: 0
63 - Missile missile_1 is in no_power (glide) flight.
63 - Missile missile_1 gliding with velocity: [1.0, 0.0, -189.9300000000001]
63 - Missile missile_1 orientation updated: pitch: -89.69833491241539, yaw: 0, roll: 0
63 - Entity missile_1 moved to lat: 13.531969797676705, lon: 144.79973378297862, alt: 858.2367669604719
63 - Entity missile_1 orientation: pitch: -89.69833491241539, yaw: 0, roll: 0
63 - Entity missile_1 moved to lat: 13.530302047869458, lon: 144.79972845860243, alt: 812.9870540862903
63 - Entity missile_1 orientation: pitch: -89.69833491241539, yaw: 0, roll: 0
64 - Missile missile_1 is in no_power (glide) flight.
64 - Missile missile_1 gliding with velocity: [1.0, 0.0, -199.7400000000001]
64 - Missile missile_1 orientation updated: pitch: -89.71315059171114, yaw: 0, roll: 0
64 - Entity missile_1 moved to lat: 13.530302047869458, lon: 144.79972845860243, alt: 812.9870540862903
64 - Entity missile_1 orientation: pitch: -89.71315059171114, yaw: 0, roll: 0
64 - Entity missile_1 moved to lat: 13.528548043425769, lon: 144.79972313422482, alt: 765.4470171956345
64 - Entity missile_1 orientation: pitch: -89.71315059171114, yaw: 0, roll: 0
65 - Missile missile_1 is in no_power (glide) flight.
65 - Missile missile_1 gliding with velocity: [1.0, 0.0, -209.5500000000001]
65 - Missile missile_1 orientation updated: pitch: -89.7265791239211, yaw: 0, roll: 0
65 - Entity missile_1 moved to lat: 13.528548043425769, lon: 144.79972313422482, alt: 765.4470171956345
65 - Entity missile_1 orientation: pitch: -89.7265791239211, yaw: 0, roll: 0
65 - Entity missile_1 moved to lat: 13.52670778050312, lon: 144.79971780984582, alt: 715.6175336558372
65 - Entity missile_1 orientation: pitch: -89.7265791239211, yaw: 0, roll: 0
66 - Missile missile_1 is in no_power (glide) flight.
66 - Missile missile_1 gliding with velocity: [1.0, 0.0, -219.3600000000001]
66 - Missile missile_1 orientation updated: pitch: -89.73880660734368, yaw: 0, roll: 0
66 - Entity missile_1 moved to lat: 13.52670778050312, lon: 144.79971780984582, alt: 715.6175336558372
66 - Entity missile_1 orientation: pitch: -89.73880660734368, yaw: 0, roll: 0
66 - Entity missile_1 moved to lat: 13.524781255072499, lon: 144.79971248546542, alt: 663.4995240028948
66 - Entity missile_1 orientation: pitch: -89.73880660734368, yaw: 0, roll: 0
67 - Missile missile_1 is in no_power (glide) flight.
67 - Missile missile_1 gliding with velocity: [1.0, 0.0, -229.1700000000001]
67 - Missile missile_1 orientation updated: pitch: -89.749987276409, yaw: 0, roll: 0
67 - Entity missile_1 moved to lat: 13.524781255072499, lon: 144.79971248546542, alt: 663.4995240028948
67 - Entity missile_1 orientation: pitch: -89.749987276409, yaw: 0, roll: 0
67 - Entity missile_1 moved to lat: 13.522768462918476, lon: 144.7997071610836, alt: 609.0939519396052
67 - Entity missile_1 orientation: pitch: -89.749987276409, yaw: 0, roll: 0
68 - Missile missile_1 is in no_power (glide) flight.
68 - Missile missile_1 gliding with velocity: [1.0, 0.0, -238.9800000000001]
68 - Missile missile_1 orientation updated: pitch: -89.76025004139527, yaw: 0, roll: 0
68 - Entity missile_1 moved to lat: 13.522768462918476, lon: 144.7997071610836, alt: 609.0939519396052
68 - Entity missile_1 orientation: pitch: -89.76025004139527, yaw: 0, roll: 0
68 - Entity missile_1 moved to lat: 13.520669399639315, lon: 144.7997018367004, alt: 552.4018243495375
68 - Entity missile_1 orientation: pitch: -89.76025004139527, yaw: 0, roll: 0
69 - Missile missile_1 is in no_power (glide) flight.
69 - Missile missile_1 gliding with velocity: [1.0, 0.0, -248.7900000000001]
69 - Missile missile_1 orientation updated: pitch: -89.76970348101219, yaw: 0, roll: 0
69 - Entity missile_1 moved to lat: 13.520669399639315, lon: 144.7997018367004, alt: 552.4018243495375
69 - Entity missile_1 orientation: pitch: -89.76970348101219, yaw: 0, roll: 0
69 - Entity missile_1 moved to lat: 13.51848406064709, lon: 144.7996965123158, alt: 493.4241912988946
69 - Entity missile_1 orientation: pitch: -89.76970348101219, yaw: 0, roll: 0
70 - Missile missile_1 is in no_power (glide) flight.
70 - Missile missile_1 gliding with velocity: [1.0, 0.0, -258.6000000000001]
70 - Missile missile_1 orientation updated: pitch: -89.77843969866682, yaw: 0, roll: 0
70 - Entity missile_1 moved to lat: 13.51848406064709, lon: 144.7996965123158, alt: 493.4241912988946
70 - Entity missile_1 orientation: pitch: -89.77843969866682, yaw: 0, roll: 0
70 - Entity missile_1 moved to lat: 13.5162124411678, lon: 144.79969118792974, alt: 432.1621460421011
70 - Entity missile_1 orientation: pitch: -89.77843969866682, yaw: 0, roll: 0
71 - Missile missile_1 is in no_power (glide) flight.
71 - Missile missile_1 gliding with velocity: [1.0, 0.0, -268.4100000000001]
71 - Missile missile_1 orientation updated: pitch: -89.78653733311431, yaw: 0, roll: 0
71 - Entity missile_1 moved to lat: 13.5162124411678, lon: 144.79969118792974, alt: 432.1621460421011
71 - Entity missile_1 orientation: pitch: -89.78653733311431, yaw: 0, roll: 0
71 - Entity missile_1 moved to lat: 13.51385453624151, lon: 144.79968586354232, alt: 368.61682502552867
71 - Entity missile_1 orientation: pitch: -89.78653733311431, yaw: 0, roll: 0
72 - Missile missile_1 is in no_power (glide) flight.
72 - Missile missile_1 gliding with velocity: [1.0, 0.0, -278.2200000000001]
72 - Missile missile_1 orientation updated: pitch: -89.79406393219953, yaw: 0, roll: 0
72 - Entity missile_1 moved to lat: 13.51385453624151, lon: 144.79968586354232, alt: 368.61682502552867
72 - Entity missile_1 orientation: pitch: -89.79406393219953, yaw: 0, roll: 0
72 - Entity missile_1 moved to lat: 13.51141034072244, lon: 144.7996805391535, alt: 302.7894078986719
72 - Entity missile_1 orientation: pitch: -89.79406393219953, yaw: 0, roll: 0
73 - Missile missile_1 is in no_power (glide) flight.
73 - Missile missile_1 gliding with velocity: [1.0, 0.0, -288.0300000000001]
73 - Missile missile_1 orientation updated: pitch: -89.80107784153101, yaw: 0, roll: 0
73 - Entity missile_1 moved to lat: 13.51141034072244, lon: 144.7996805391535, alt: 302.7894078986719
73 - Entity missile_1 orientation: pitch: -89.80107784153101, yaw: 0, roll: 0
73 - Entity missile_1 moved to lat: 13.508879849279138, lon: 144.79967521476328, alt: 234.68111751414835
73 - Entity missile_1 orientation: pitch: -89.80107784153101, yaw: 0, roll: 0
74 - Missile missile_1 is in no_power (glide) flight.
74 - Missile missile_1 gliding with velocity: [1.0, 0.0, -297.8400000000001]
74 - Missile missile_1 orientation updated: pitch: -89.8076297199206, yaw: 0, roll: 0
74 - Entity missile_1 moved to lat: 13.508879849279138, lon: 144.79967521476328, alt: 234.68111751414835
74 - Entity missile_1 orientation: pitch: -89.8076297199206, yaw: 0, roll: 0
74 - Entity missile_1 moved to lat: 13.506263056394593, lon: 144.79966989037163, alt: 164.29321994259953
74 - Entity missile_1 orientation: pitch: -89.8076297199206, yaw: 0, roll: 0
75 - Missile missile_1 is in no_power (glide) flight.
75 - Missile missile_1 gliding with velocity: [1.0, 0.0, -307.6500000000001]
75 - Missile missile_1 orientation updated: pitch: -89.81376376489523, yaw: 0, roll: 0
75 - Entity missile_1 moved to lat: 13.506263056394593, lon: 144.79966989037163, alt: 164.29321994259953
75 - Entity missile_1 orientation: pitch: -89.81376376489523, yaw: 0, roll: 0
75 - Entity missile_1 moved to lat: 13.50355995636639, lon: 144.79966456597862, alt: 91.6270244680345
75 - Entity missile_1 orientation: pitch: -89.81376376489523, yaw: 0, roll: 0
76 - Missile missile_1 is in no_power (glide) flight.
76 - Missile missile_1 gliding with velocity: [1.0, 0.0, -317.4600000000001]
76 - Missile missile_1 orientation updated: pitch: -89.81951871099338, yaw: 0, roll: 0
76 - Entity missile_1 moved to lat: 13.50355995636639, lon: 144.79966456597862, alt: 91.6270244680345
76 - Entity missile_1 orientation: pitch: -89.81951871099338, yaw: 0, roll: 0
76 - Entity missile_1 moved to lat: 13.500770543306837, lon: 144.79965924158418, alt: 16.683883605524898
76 - Entity missile_1 orientation: pitch: -89.81951871099338, yaw: 0, roll: 0
77 - Missile missile_1 is in no_power (glide) flight.
77 - Missile missile_1 gliding with velocity: [1.0, 0.0, -327.2700000000001]
77 - Missile missile_1 orientation updated: pitch: -89.82492864852071, yaw: 0, roll: 0
77 - Entity missile_1 moved to lat: 13.500770543306837, lon: 144.79965924158418, alt: 16.683883605524898
77 - Entity missile_1 orientation: pitch: -89.82492864852071, yaw: 0, roll: 0
77 - Entity missile_1 moved to lat: 13.497894811143157, lon: 144.79965391718832, alt: -60.53480689879507
77 - Entity missile_1 orientation: pitch: -89.82492864852071, yaw: 0, roll: 0
