=== Log Start ===
Date and Time: 2024-09-13 16:41:08
=== Log Start ===
Timestamp - Logger Name - Log Level - Message

0 - root - INFO - Starting simulation with config: config/config_guam.yaml
0 - root - INFO - Entities file: config/entity_config_guam_scenario.json
0 - root - INFO - Scenario file: config/scenarios/scenario_guam_1000km_west.yaml
0 - environment - INFO - Added entity: <entities.Ship object at 0x10080ff50>
0 - root - INFO - Added ship: ship_1
0 - environment - INFO - Added entity: <entities.Missile object at 0x100daddc0>
0 - root - INFO - Added missile: missile_1
0 - environment - INFO - Scheduled event: <events.LaunchEvent object at 0x100f0e3c0>
0 - root - INFO - Scheduled event: <events.LaunchEvent object at 0x100f0e3c0>
0 - root - INFO - Starting event processing
10 - environment - INFO - Handling event: <events.LaunchEvent object at 0x100f0e3c0> at time 10
10 - environment - INFO - Scheduled event: <events.MovementEvent object at 0x10103baa0>
11 - environment - INFO - Handling event: <events.MovementEvent object at 0x10103baa0> at time 11
11 - environment - INFO - Scheduled event: <events.MovementEvent object at 0x100df2d50>
12 - environment - INFO - Handling event: <events.MovementEvent object at 0x100df2d50> at time 12
12 - environment - INFO - Scheduled event: <events.MovementEvent object at 0x10103baa0>
13 - environment - INFO - Handling event: <events.MovementEvent object at 0x10103baa0> at time 13
13 - environment - INFO - Scheduled event: <events.MovementEvent object at 0x100df2d50>
14 - environment - INFO - Handling event: <events.MovementEvent object at 0x100df2d50> at time 14
14 - environment - INFO - Scheduled event: <events.MovementEvent object at 0x10103baa0>
15 - environment - INFO - Handling event: <events.MovementEvent object at 0x10103baa0> at time 15
15 - environment - INFO - Scheduled event: <events.MovementEvent object at 0x100df2d50>
16 - environment - INFO - Handling event: <events.MovementEvent object at 0x100df2d50> at time 16
16 - environment - INFO - Scheduled event: <events.MovementEvent object at 0x10103baa0>
17 - environment - INFO - Handling event: <events.MovementEvent object at 0x10103baa0> at time 17
17 - environment - INFO - Scheduled event: <events.MovementEvent object at 0x100df2d50>
18 - environment - INFO - Handling event: <events.MovementEvent object at 0x100df2d50> at time 18
18 - environment - INFO - Scheduled event: <events.MovementEvent object at 0x10103baa0>
19 - environment - INFO - Handling event: <events.MovementEvent object at 0x10103baa0> at time 19
19 - environment - INFO - Scheduled event: <events.MovementEvent object at 0x100df2d50>
20 - environment - INFO - Handling event: <events.MovementEvent object at 0x100df2d50> at time 20
20 - environment - INFO - Scheduled event: <events.MovementEvent object at 0x10103baa0>
21 - environment - INFO - Handling event: <events.MovementEvent object at 0x10103baa0> at time 21
21 - environment - INFO - Scheduled event: <events.MovementEvent object at 0x100df2d50>
22 - environment - INFO - Handling event: <events.MovementEvent object at 0x100df2d50> at time 22
22 - environment - INFO - Scheduled event: <events.MovementEvent object at 0x10103baa0>
23 - environment - INFO - Handling event: <events.MovementEvent object at 0x10103baa0> at time 23
23 - environment - INFO - Scheduled event: <events.MovementEvent object at 0x100df2d50>
24 - environment - INFO - Handling event: <events.MovementEvent object at 0x100df2d50> at time 24
24 - environment - INFO - Scheduled event: <events.MovementEvent object at 0x10103baa0>
25 - environment - INFO - Handling event: <events.MovementEvent object at 0x10103baa0> at time 25
25 - environment - INFO - Scheduled event: <events.MovementEvent object at 0x100df2d50>
26 - environment - INFO - Handling event: <events.MovementEvent object at 0x100df2d50> at time 26
26 - environment - INFO - Scheduled event: <events.MovementEvent object at 0x10103baa0>
27 - environment - INFO - Handling event: <events.MovementEvent object at 0x10103baa0> at time 27
27 - environment - INFO - Scheduled event: <events.MovementEvent object at 0x100df2d50>
28 - environment - INFO - Handling event: <events.MovementEvent object at 0x100df2d50> at time 28
28 - environment - INFO - Scheduled event: <events.MovementEvent object at 0x10103baa0>
29 - environment - INFO - Handling event: <events.MovementEvent object at 0x10103baa0> at time 29
29 - environment - INFO - Scheduled event: <events.MovementEvent object at 0x100df2d50>
30 - environment - INFO - Handling event: <events.MovementEvent object at 0x100df2d50> at time 30
30 - environment - INFO - Scheduled event: <events.MovementEvent object at 0x10103baa0>
31 - environment - INFO - Handling event: <events.MovementEvent object at 0x10103baa0> at time 31
31 - environment - INFO - Scheduled event: <events.MovementEvent object at 0x100df2d50>
32 - environment - INFO - Handling event: <events.MovementEvent object at 0x100df2d50> at time 32
32 - environment - INFO - Scheduled event: <events.MovementEvent object at 0x10103baa0>
33 - environment - INFO - Handling event: <events.MovementEvent object at 0x10103baa0> at time 33
33 - environment - INFO - Scheduled event: <events.MovementEvent object at 0x100df2d50>
34 - environment - INFO - Handling event: <events.MovementEvent object at 0x100df2d50> at time 34
34 - environment - INFO - Scheduled event: <events.MovementEvent object at 0x10103baa0>
35 - environment - INFO - Handling event: <events.MovementEvent object at 0x10103baa0> at time 35
35 - environment - INFO - Scheduled event: <events.MovementEvent object at 0x100df2d50>
36 - environment - INFO - Handling event: <events.MovementEvent object at 0x100df2d50> at time 36
36 - environment - INFO - Scheduled event: <events.MovementEvent object at 0x10103baa0>
37 - environment - INFO - Handling event: <events.MovementEvent object at 0x10103baa0> at time 37
37 - environment - INFO - Scheduled event: <events.MovementEvent object at 0x100df2d50>
38 - environment - INFO - Handling event: <events.MovementEvent object at 0x100df2d50> at time 38
38 - environment - INFO - Scheduled event: <events.MovementEvent object at 0x10103baa0>
39 - environment - INFO - Handling event: <events.MovementEvent object at 0x10103baa0> at time 39
39 - environment - INFO - Scheduled event: <events.MovementEvent object at 0x100df2d50>
40 - environment - INFO - Handling event: <events.MovementEvent object at 0x100df2d50> at time 40
40 - environment - INFO - Scheduled event: <events.MovementEvent object at 0x10103baa0>
41 - environment - INFO - Handling event: <events.MovementEvent object at 0x10103baa0> at time 41
41 - environment - INFO - Scheduled event: <events.MovementEvent object at 0x100df2d50>
42 - environment - INFO - Handling event: <events.MovementEvent object at 0x100df2d50> at time 42
42 - environment - INFO - Scheduled event: <events.MovementEvent object at 0x10103baa0>
43 - environment - INFO - Handling event: <events.MovementEvent object at 0x10103baa0> at time 43
43 - environment - INFO - Scheduled event: <events.MovementEvent object at 0x100df2d50>
44 - environment - INFO - Handling event: <events.MovementEvent object at 0x100df2d50> at time 44
44 - environment - INFO - Scheduled event: <events.MovementEvent object at 0x10103baa0>
45 - environment - INFO - Handling event: <events.MovementEvent object at 0x10103baa0> at time 45
45 - environment - INFO - Scheduled event: <events.MovementEvent object at 0x100df2d50>
46 - environment - INFO - Handling event: <events.MovementEvent object at 0x100df2d50> at time 46
46 - environment - INFO - Scheduled event: <events.MovementEvent object at 0x10103baa0>
47 - environment - INFO - Handling event: <events.MovementEvent object at 0x10103baa0> at time 47
47 - environment - INFO - Scheduled event: <events.MovementEvent object at 0x100df2d50>
48 - environment - INFO - Handling event: <events.MovementEvent object at 0x100df2d50> at time 48
48 - environment - INFO - Scheduled event: <events.MovementEvent object at 0x10103baa0>
49 - environment - INFO - Handling event: <events.MovementEvent object at 0x10103baa0> at time 49
49 - environment - INFO - Scheduled event: <events.MovementEvent object at 0x100df2d50>
50 - environment - INFO - Handling event: <events.MovementEvent object at 0x100df2d50> at time 50
50 - environment - INFO - Scheduled event: <events.MovementEvent object at 0x10103baa0>
51 - environment - INFO - Handling event: <events.MovementEvent object at 0x10103baa0> at time 51
51 - environment - INFO - Scheduled event: <events.MovementEvent object at 0x100df2d50>
52 - environment - INFO - Handling event: <events.MovementEvent object at 0x100df2d50> at time 52
52 - environment - INFO - Scheduled event: <events.MovementEvent object at 0x10103baa0>
53 - environment - INFO - Handling event: <events.MovementEvent object at 0x10103baa0> at time 53
53 - environment - INFO - Scheduled event: <events.MovementEvent object at 0x100df2d50>
54 - environment - INFO - Handling event: <events.MovementEvent object at 0x100df2d50> at time 54
54 - environment - INFO - Scheduled event: <events.MovementEvent object at 0x10103baa0>
55 - environment - INFO - Handling event: <events.MovementEvent object at 0x10103baa0> at time 55
55 - environment - INFO - Scheduled event: <events.MovementEvent object at 0x100df2d50>
56 - environment - INFO - Handling event: <events.MovementEvent object at 0x100df2d50> at time 56
56 - environment - INFO - Scheduled event: <events.MovementEvent object at 0x10103baa0>
57 - environment - INFO - Handling event: <events.MovementEvent object at 0x10103baa0> at time 57
57 - environment - INFO - Scheduled event: <events.MovementEvent object at 0x100df2d50>
58 - environment - INFO - Handling event: <events.MovementEvent object at 0x100df2d50> at time 58
58 - environment - INFO - Scheduled event: <events.MovementEvent object at 0x10103baa0>
59 - environment - INFO - Handling event: <events.MovementEvent object at 0x10103baa0> at time 59
59 - environment - INFO - Scheduled event: <events.MovementEvent object at 0x100df2d50>
60 - environment - INFO - Handling event: <events.MovementEvent object at 0x100df2d50> at time 60
60 - environment - INFO - Scheduled event: <events.MovementEvent object at 0x10103baa0>
61 - environment - INFO - Handling event: <events.MovementEvent object at 0x10103baa0> at time 61
61 - environment - INFO - Scheduled event: <events.MovementEvent object at 0x100df2d50>
62 - environment - INFO - Handling event: <events.MovementEvent object at 0x100df2d50> at time 62
62 - environment - INFO - Scheduled event: <events.MovementEvent object at 0x10103baa0>
63 - environment - INFO - Handling event: <events.MovementEvent object at 0x10103baa0> at time 63
63 - environment - INFO - Scheduled event: <events.MovementEvent object at 0x100df2d50>
64 - environment - INFO - Handling event: <events.MovementEvent object at 0x100df2d50> at time 64
64 - environment - INFO - Scheduled event: <events.MovementEvent object at 0x10103baa0>
65 - environment - INFO - Handling event: <events.MovementEvent object at 0x10103baa0> at time 65
65 - environment - INFO - Scheduled event: <events.MovementEvent object at 0x100df2d50>
66 - environment - INFO - Handling event: <events.MovementEvent object at 0x100df2d50> at time 66
66 - environment - INFO - Scheduled event: <events.MovementEvent object at 0x10103baa0>
67 - environment - INFO - Handling event: <events.MovementEvent object at 0x10103baa0> at time 67
67 - environment - INFO - Scheduled event: <events.MovementEvent object at 0x100df2d50>
68 - environment - INFO - Handling event: <events.MovementEvent object at 0x100df2d50> at time 68
68 - environment - INFO - Scheduled event: <events.MovementEvent object at 0x10103baa0>
69 - environment - INFO - Handling event: <events.MovementEvent object at 0x10103baa0> at time 69
69 - environment - INFO - Scheduled event: <events.MovementEvent object at 0x100df2d50>
70 - environment - INFO - Handling event: <events.MovementEvent object at 0x100df2d50> at time 70
70 - environment - INFO - Scheduled event: <events.MovementEvent object at 0x10103baa0>
71 - environment - INFO - Handling event: <events.MovementEvent object at 0x10103baa0> at time 71
71 - environment - INFO - Scheduled event: <events.MovementEvent object at 0x100df2d50>
72 - environment - INFO - Handling event: <events.MovementEvent object at 0x100df2d50> at time 72
72 - environment - INFO - Scheduled event: <events.MovementEvent object at 0x10103baa0>
73 - environment - INFO - Handling event: <events.MovementEvent object at 0x10103baa0> at time 73
73 - environment - INFO - Scheduled event: <events.MovementEvent object at 0x100df2d50>
74 - environment - INFO - Handling event: <events.MovementEvent object at 0x100df2d50> at time 74
74 - environment - INFO - Scheduled event: <events.MovementEvent object at 0x10103baa0>
75 - environment - INFO - Handling event: <events.MovementEvent object at 0x10103baa0> at time 75
75 - environment - INFO - Scheduled event: <events.MovementEvent object at 0x100df2d50>
76 - environment - INFO - Handling event: <events.MovementEvent object at 0x100df2d50> at time 76
76 - environment - INFO - Scheduled event: <events.MovementEvent object at 0x10103baa0>
77 - environment - INFO - Handling event: <events.MovementEvent object at 0x10103baa0> at time 77
77 - root - INFO - Simulation completed successfully.
